2023/11/13 20:03:22 Node 0 is requesting critical section
2023/11/13 20:04:07 Port: 0,6001 added to slice
2023/11/13 20:04:07 Port: 1,6002 added to slice
2023/11/13 20:04:07 Port: 2,6003 added to slice
2023/11/13 20:04:16 Node 0 is requesting critical section
2023/11/13 20:06:28 Port: 0,6001 added to slice
2023/11/13 20:06:28 Port: 1,6002 added to slice
2023/11/13 20:06:28 Port: 2,6003 added to slice
2023/11/13 20:06:35 Node 0 is requesting critical section
2023/11/13 20:07:40 Port: 0,6001 added to slice
2023/11/13 20:07:40 Port: 1,6002 added to slice
2023/11/13 20:07:40 Port: 2,6003 added to slice
2023/11/13 20:07:49 Port: 0,6001 added to slice
2023/11/13 20:07:49 Port: 1,6002 added to slice
2023/11/13 20:07:49 Port: 2,6003 added to slice
2023/11/13 20:09:10 Port: 0,6001 added to slice
2023/11/13 20:09:10 Port: 1,6002 added to slice
2023/11/13 20:09:10 Port: 2,6003 added to slice
2023/11/13 20:13:06 Port: 0,6001 added to slice
2023/11/13 20:13:06 Port: 1,6002 added to slice
2023/11/13 20:13:06 Port: 2,6003 added to slice
2023/11/13 20:13:09 Node 0 is requesting critical section
2023/11/13 20:13:45 Port: 0,6001 added to slice
2023/11/13 20:13:45 Port: 1,6002 added to slice
2023/11/13 20:13:45 Port: 2,6003 added to slice
2023/11/13 20:13:48 Node 0 is requesting critical section
2023/11/13 20:15:37 Port: 0,6001 added to slice
2023/11/13 20:15:37 Port: 1,6002 added to slice
2023/11/13 20:15:37 Port: 2,6003 added to slice
2023/11/13 20:15:40 Node 0 is requesting critical section
2023/11/13 20:15:49 Port: 0,6001 added to slice
2023/11/13 20:15:49 Port: 1,6002 added to slice
2023/11/13 20:15:49 Port: 2,6003 added to slice
2023/11/13 20:15:52 Node 0 is requesting critical section
2023/11/13 20:16:52 Port: 0,6001 added to slice
2023/11/13 20:16:52 Port: 1,6002 added to slice
2023/11/13 20:16:52 Port: 2,6003 added to slice
2023/11/13 20:20:09 Port: 0,6001 added to slice
2023/11/13 20:20:09 Port: 1,6002 added to slice
2023/11/13 20:20:09 Port: 2,6003 added to slice
2023/11/13 20:22:58 Port: 0,6001 added to slice
2023/11/13 20:22:58 Port: 1,6002 added to slice
2023/11/13 20:22:58 Port: 2,6003 added to slice
2023/11/13 20:23:34 Port: 0,6001 added to slice
2023/11/13 20:23:34 Port: 1,6002 added to slice
2023/11/13 20:23:34 Port: 2,6003 added to slice
2023/11/13 20:24:14 Port: 0,6001 added to slice
2023/11/13 20:24:14 Port: 1,6002 added to slice
2023/11/13 20:24:14 Port: 2,6003 added to slice
2023/11/13 20:25:15 Port: 0,6001 added to slice
2023/11/13 20:25:15 Port: 1,6002 added to slice
2023/11/13 20:25:15 Port: 2,6003 added to slice
2023/11/13 20:25:22 Node 0 is requesting critical section
2023/11/13 20:31:01 Port: 0,10001 added to slice
2023/11/13 20:31:01 Port: 1,10002 added to slice
2023/11/13 20:31:01 Port: 2,10003 added to slice
2023/11/13 20:31:12 Invalid command
2023/11/13 20:31:20 Node 0 is requesting critical section
2023/11/13 20:49:41 Port: 0,10001 added to slice
2023/11/13 20:49:41 Port: 1,10002 added to slice
2023/11/13 20:49:41 Port: 2,10003 added to slice
2023/11/13 20:49:58 Port: 0,10001 added to slice
2023/11/13 20:49:58 Port: 1,10002 added to slice
2023/11/13 20:49:58 Port: 2,10003 added to slice
2023/11/13 20:50:46 Port: 0,10001 added to slice
2023/11/13 20:50:46 Port: 1,10002 added to slice
2023/11/13 20:50:46 Port: 2,10003 added to slice
2023/11/13 20:50:57 Port: 0,10001 added to slice
2023/11/13 20:50:57 Port: 1,10002 added to slice
2023/11/13 20:50:57 Port: 2,10003 added to slice
2023/11/13 20:51:12 Node 0 is requesting critical section
2023/11/13 20:51:12 Response from node 1: RELEASED
2023/11/13 20:52:18 Port: 0,10001 added to slice
2023/11/13 20:52:18 Port: 1,10002 added to slice
2023/11/13 20:52:18 Port: 2,10003 added to slice
2023/11/13 20:52:25 Node 0 is requesting critical section
2023/11/13 20:52:25 Response from node 1: RELEASED
2023/11/13 20:52:25 Response from node 2: RELEASED
2023/11/13 20:57:22 Port: 0,10001 added to slice
2023/11/13 20:57:22 Port: 1,10002 added to slice
2023/11/13 20:57:22 Port: 2,10003 added to slice
2023/11/13 20:57:46 Node 0 is requesting critical section
2023/11/13 20:57:46 Response from node 1: RELEASED
2023/11/13 20:57:46 Response from node 2: RELEASED
2023/11/13 20:58:09 Received request from node 1 with timestamp 2
2023/11/13 20:58:09 Node 1 added to queue
2023/11/13 20:59:01 Received request from node 2 with timestamp 11
2023/11/13 20:59:01 Node 2 added to queue
2023/11/13 20:59:35 Node 0 is not in critical section
2023/11/13 22:10:13 Port: 0,10001 added to slice
2023/11/13 22:10:13 Port: 1,10002 added to slice
2023/11/13 22:10:13 Port: 2,10003 added to slice
2023/11/13 22:10:23 Node 0 is requesting critical section
2023/11/13 22:10:23 Response from node 1: RELEASED
2023/11/13 22:10:23 Response from node 2: RELEASED
2023/11/13 22:18:26 Port: 0,10001 added to slice
2023/11/13 22:18:26 Port: 1,10002 added to slice
2023/11/13 22:18:26 Port: 2,10003 added to slice
2023/11/13 22:18:35 Node 0 is requesting critical section
2023/11/13 22:18:35 Response from node 1: RELEASED
2023/11/13 22:18:35 Response from node 2: RELEASED
2023/11/13 22:19:01 Received request from node 1 with timestamp 1
2023/11/13 22:19:01 Granting request to node 1
2023/11/13 22:19:10 Received request from node 2 with timestamp 7
2023/11/13 22:19:10 Granting request to node 2
2023/11/13 22:35:44 Port: 0,10001 added to slice
2023/11/13 22:35:44 Port: 1,10002 added to slice
2023/11/13 22:35:44 Port: 2,10003 added to slice
2023/11/13 22:35:54 Node 0 is requesting critical section
2023/11/13 22:35:54 Response from node 1: RELEASED
2023/11/13 22:35:54 Response from node 2: RELEASED
2023/11/13 22:37:23 Port: 0,10001 added to slice
2023/11/13 22:37:23 Port: 1,10002 added to slice
2023/11/13 22:37:23 Port: 2,10003 added to slice
2023/11/13 22:37:33 Node 0 is requesting critical section
2023/11/13 22:37:33 Response from node 1: RELEASED
2023/11/13 22:37:33 Response from node 2: RELEASED
2023/11/13 22:38:12 Port: 0,10001 added to slice
2023/11/13 22:38:12 Port: 1,10002 added to slice
2023/11/13 22:38:12 Port: 2,10003 added to slice
2023/11/13 22:38:20 Node 0 is requesting critical section
2023/11/13 22:38:20 Response from node 1: RELEASED
2023/11/13 22:38:20 Response from node 2: RELEASED
